[0.659s] Invoking command in '/home/psh/Robot1/src/vla_orchestrator': PYTHONPATH=/home/psh/Robot1/src/vla_orchestrator/build/vla_orchestrator/prefix_override:/usr/lib/python3/dist-packages/colcon_core/task/python/colcon_distutils_commands:/home/psh/Robot1/src/vla_orchestrator/install/vla_orchestrator/lib/python3.10/site-packages:${PYTHONPATH} VIRTUAL_ENV_PROMPT=(.venv) /usr/bin/python3 -W ignore:setup.py install is deprecated -W ignore:easy_install command is deprecated setup.py egg_info --egg-base build/vla_orchestrator build --build-base /home/psh/Robot1/src/vla_orchestrator/build/vla_orchestrator/build install --record /home/psh/Robot1/src/vla_orchestrator/build/vla_orchestrator/install.log --single-version-externally-managed
[0.817s] running egg_info
[0.818s] creating build/vla_orchestrator/vla_orchestrator.egg-info
[0.818s] writing build/vla_orchestrator/vla_orchestrator.egg-info/PKG-INFO
[0.819s] writing dependency_links to build/vla_orchestrator/vla_orchestrator.egg-info/dependency_links.txt
[0.819s] writing entry points to build/vla_orchestrator/vla_orchestrator.egg-info/entry_points.txt
[0.819s] writing requirements to build/vla_orchestrator/vla_orchestrator.egg-info/requires.txt
[0.819s] writing top-level names to build/vla_orchestrator/vla_orchestrator.egg-info/top_level.txt
[0.819s] writing manifest file 'build/vla_orchestrator/vla_orchestrator.egg-info/SOURCES.txt'
[0.820s] reading manifest file 'build/vla_orchestrator/vla_orchestrator.egg-info/SOURCES.txt'
[0.821s] writing manifest file 'build/vla_orchestrator/vla_orchestrator.egg-info/SOURCES.txt'
[0.821s] running build
[0.821s] running build_py
[0.821s] creating /home/psh/Robot1/src/vla_orchestrator/build/vla_orchestrator/build
[0.821s] creating /home/psh/Robot1/src/vla_orchestrator/build/vla_orchestrator/build/lib
[0.821s] creating /home/psh/Robot1/src/vla_orchestrator/build/vla_orchestrator/build/lib/vla_orchestrator
[0.821s] copying vla_orchestrator/__init__.py -> /home/psh/Robot1/src/vla_orchestrator/build/vla_orchestrator/build/lib/vla_orchestrator
[0.821s] running install
[0.821s] running install_lib
[0.822s] creating /home/psh/Robot1/src/vla_orchestrator/install/vla_orchestrator/lib/python3.10/site-packages/vla_orchestrator
[0.822s] copying /home/psh/Robot1/src/vla_orchestrator/build/vla_orchestrator/build/lib/vla_orchestrator/__init__.py -> /home/psh/Robot1/src/vla_orchestrator/install/vla_orchestrator/lib/python3.10/site-packages/vla_orchestrator
[0.822s] byte-compiling /home/psh/Robot1/src/vla_orchestrator/install/vla_orchestrator/lib/python3.10/site-packages/vla_orchestrator/__init__.py to __init__.cpython-310.pyc
[0.822s] running install_egg_info
[0.824s] Copying build/vla_orchestrator/vla_orchestrator.egg-info to /home/psh/Robot1/src/vla_orchestrator/install/vla_orchestrator/lib/python3.10/site-packages/vla_orchestrator-0.0.1-py3.10.egg-info
[0.824s] running install_scripts
[0.838s] Installing orchestrator script to /home/psh/Robot1/src/vla_orchestrator/install/vla_orchestrator/lib/vla_orchestrator
[0.838s] writing list of installed files to '/home/psh/Robot1/src/vla_orchestrator/build/vla_orchestrator/install.log'
[0.857s] Invoked command in '/home/psh/Robot1/src/vla_orchestrator' returned '0': PYTHONPATH=/home/psh/Robot1/src/vla_orchestrator/build/vla_orchestrator/prefix_override:/usr/lib/python3/dist-packages/colcon_core/task/python/colcon_distutils_commands:/home/psh/Robot1/src/vla_orchestrator/install/vla_orchestrator/lib/python3.10/site-packages:${PYTHONPATH} VIRTUAL_ENV_PROMPT=(.venv) /usr/bin/python3 -W ignore:setup.py install is deprecated -W ignore:easy_install command is deprecated setup.py egg_info --egg-base build/vla_orchestrator build --build-base /home/psh/Robot1/src/vla_orchestrator/build/vla_orchestrator/build install --record /home/psh/Robot1/src/vla_orchestrator/build/vla_orchestrator/install.log --single-version-externally-managed
